<?xml version="1.0" encoding="UTF-8"?>
<testsuite name="roguelike.model.game.arena.RandomArenaBuilderTest" tests="3" skipped="0" failures="0" errors="0" timestamp="2021-05-25T09:40:59" hostname="ubuntu-notebook" time="0.009">
  <properties/>
  <testcase name="createCoins()" classname="roguelike.model.game.arena.RandomArenaBuilderTest" time="0.003"/>
  <testcase name="createPaths()" classname="roguelike.model.game.arena.RandomArenaBuilderTest" time="0.003"/>
  <testcase name="createMonsters()" classname="roguelike.model.game.arena.RandomArenaBuilderTest" time="0.001"/>
  <system-out><![CDATA[1
2
1
]]></system-out>
  <system-err><![CDATA[]]></system-err>
</testsuite>
