<?xml version="1.0" encoding="UTF-8"?>
<testsuite name="roguelikeTests.model.menu.WindowTest" tests="2" skipped="0" failures="0" errors="0" timestamp="2021-05-30T17:09:31" hostname="ubuntu-notebook" time="0.002">
  <properties/>
  <testcase name="titleTest()" classname="roguelikeTests.model.menu.WindowTest" time="0.001"/>
  <testcase name="contentTest()" classname="roguelikeTests.model.menu.WindowTest" time="0.001"/>
  <system-out><![CDATA[]]></system-out>
  <system-err><![CDATA[]]></system-err>
</testsuite>
