<?xml version="1.0" encoding="UTF-8"?>
<testsuite name="roguelikeTests.controller.game.MonsterControllerTest" tests="2" skipped="0" failures="0" errors="0" timestamp="2021-05-30T17:09:31" hostname="ubuntu-notebook" time="0.214">
  <properties/>
  <testcase name="monsterRetrieveStrengthPotion()" classname="roguelikeTests.controller.game.MonsterControllerTest" time="0.206"/>
  <testcase name="monsterRetrieveCoin()" classname="roguelikeTests.controller.game.MonsterControllerTest" time="0.007"/>
  <system-out><![CDATA[]]></system-out>
  <system-err><![CDATA[]]></system-err>
</testsuite>
