<?xml version="1.0" encoding="UTF-8"?>
<testsuite name="roguelikeTests.controller.game.MonsterControllerTest" tests="2" skipped="0" failures="0" errors="0" timestamp="2021-05-29T09:31:48" hostname="LAPTOP-CG165B38" time="0.729">
  <properties/>
  <testcase name="monsterRetrieveStrengthPotion()" classname="roguelikeTests.controller.game.MonsterControllerTest" time="0.722"/>
  <testcase name="monsterRetrieveCoin()" classname="roguelikeTests.controller.game.MonsterControllerTest" time="0.006"/>
  <system-out><![CDATA[]]></system-out>
  <system-err><![CDATA[]]></system-err>
</testsuite>
