<?xml version="1.0" encoding="UTF-8"?>
<testsuite name="roguelike.model.PositionTest" tests="5" skipped="0" failures="0" errors="0" timestamp="2021-05-27T09:44:51" hostname="LAPTOP-CG165B38" time="0.03">
  <properties/>
  <testcase name="followTest()" classname="roguelike.model.PositionTest" time="0.021"/>
  <testcase name="getRightTest()" classname="roguelike.model.PositionTest" time="0.002"/>
  <testcase name="getDownTest()" classname="roguelike.model.PositionTest" time="0.002"/>
  <testcase name="getLeftTest()" classname="roguelike.model.PositionTest" time="0.001"/>
  <testcase name="getUpTest()" classname="roguelike.model.PositionTest" time="0.002"/>
  <system-out><![CDATA[]]></system-out>
  <system-err><![CDATA[]]></system-err>
</testsuite>
