<?xml version="1.0" encoding="UTF-8"?>
<testsuite name="roguelike.model.game.elements.HeroTest" tests="1" skipped="0" failures="0" errors="0" timestamp="2021-05-27T11:09:28" hostname="LAPTOP-CG165B38" time="0.875">
  <properties/>
  <testcase name="writeStrengthTimeTest()" classname="roguelike.model.game.elements.HeroTest" time="0.875"/>
  <system-out><![CDATA[]]></system-out>
  <system-err><![CDATA[]]></system-err>
</testsuite>
