<?xml version="1.0" encoding="UTF-8"?>
<testsuite name="roguelikeTests.controller.menu.PauseMenuControllerTest" tests="3" skipped="0" failures="0" errors="0" timestamp="2021-05-30T17:09:31" hostname="ubuntu-notebook" time="0.005">
  <properties/>
  <testcase name="arrowsTest()" classname="roguelikeTests.controller.menu.PauseMenuControllerTest" time="0.001"/>
  <testcase name="quitTest()" classname="roguelikeTests.controller.menu.PauseMenuControllerTest" time="0.001"/>
  <testcase name="resumeTest()" classname="roguelikeTests.controller.menu.PauseMenuControllerTest" time="0.002"/>
  <system-out><![CDATA[]]></system-out>
  <system-err><![CDATA[]]></system-err>
</testsuite>
