<?xml version="1.0" encoding="UTF-8"?>
<testsuite name="roguelikeTests.model.PositionTest" tests="5" skipped="0" failures="0" errors="0" timestamp="2021-05-30T17:09:31" hostname="ubuntu-notebook" time="0.005">
  <properties/>
  <testcase name="followTest()" classname="roguelikeTests.model.PositionTest" time="0.001"/>
  <testcase name="getRightTest()" classname="roguelikeTests.model.PositionTest" time="0.001"/>
  <testcase name="getDownTest()" classname="roguelikeTests.model.PositionTest" time="0.0"/>
  <testcase name="getLeftTest()" classname="roguelikeTests.model.PositionTest" time="0.0"/>
  <testcase name="getUpTest()" classname="roguelikeTests.model.PositionTest" time="0.0"/>
  <system-out><![CDATA[]]></system-out>
  <system-err><![CDATA[]]></system-err>
</testsuite>
