<?xml version="1.0" encoding="UTF-8"?>
<testsuite name="roguelikeTests.model.game.elements.HeroTest" tests="1" skipped="0" failures="0" errors="0" timestamp="2021-05-30T17:09:31" hostname="ubuntu-notebook" time="0.001">
  <properties/>
  <testcase name="writeStrengthTimeTest()" classname="roguelikeTests.model.game.elements.HeroTest" time="0.001"/>
  <system-out><![CDATA[]]></system-out>
  <system-err><![CDATA[]]></system-err>
</testsuite>
