<?xml version="1.0" encoding="UTF-8"?>
<testsuite name="roguelikeTests.controller.game.ArenaControllerTest" tests="4" skipped="0" failures="0" errors="0" timestamp="2021-05-30T17:09:31" hostname="ubuntu-notebook" time="0.016">
  <properties/>
  <testcase name="heroWonTest()" classname="roguelikeTests.controller.game.ArenaControllerTest" time="0.005"/>
  <testcase name="timeOutTest()" classname="roguelikeTests.controller.game.ArenaControllerTest" time="0.004"/>
  <testcase name="heroDiedTest()" classname="roguelikeTests.controller.game.ArenaControllerTest" time="0.003"/>
  <testcase name="pauseGameTest()" classname="roguelikeTests.controller.game.ArenaControllerTest" time="0.002"/>
  <system-out><![CDATA[]]></system-out>
  <system-err><![CDATA[]]></system-err>
</testsuite>
