<?xml version="1.0" encoding="UTF-8"?>
<testsuite name="roguelikeTests.controller.menu.StartMenuControllerTest" tests="4" skipped="0" failures="0" errors="0" timestamp="2021-05-30T17:09:31" hostname="ubuntu-notebook" time="0.29">
  <properties/>
  <testcase name="startTest()" classname="roguelikeTests.controller.menu.StartMenuControllerTest" time="0.282"/>
  <testcase name="exitTest()" classname="roguelikeTests.controller.menu.StartMenuControllerTest" time="0.002"/>
  <testcase name="arrowsTest()" classname="roguelikeTests.controller.menu.StartMenuControllerTest" time="0.003"/>
  <testcase name="instructionsTest()" classname="roguelikeTests.controller.menu.StartMenuControllerTest" time="0.002"/>
  <system-out><![CDATA[]]></system-out>
  <system-err><![CDATA[]]></system-err>
</testsuite>
