<?xml version="1.0" encoding="UTF-8"?>
<testsuite name="roguelikeTests.controller.game.HeroControllerTest" tests="7" skipped="0" failures="0" errors="0" timestamp="2021-05-30T17:09:31" hostname="ubuntu-notebook" time="0.098">
  <properties/>
  <testcase name="retrieveStrengthPotionTest()" classname="roguelikeTests.controller.game.HeroControllerTest" time="0.006"/>
  <testcase name="moveUpTest()" classname="roguelikeTests.controller.game.HeroControllerTest" time="0.018"/>
  <testcase name="moveRightTest()" classname="roguelikeTests.controller.game.HeroControllerTest" time="0.014"/>
  <testcase name="moveDownTest()" classname="roguelikeTests.controller.game.HeroControllerTest" time="0.012"/>
  <testcase name="retrieveCoinTest()" classname="roguelikeTests.controller.game.HeroControllerTest" time="0.003"/>
  <testcase name="moveLeftTest()" classname="roguelikeTests.controller.game.HeroControllerTest" time="0.011"/>
  <testcase name="runIntoAMonsterTest()" classname="roguelikeTests.controller.game.HeroControllerTest" time="0.03"/>
  <system-out><![CDATA[]]></system-out>
  <system-err><![CDATA[]]></system-err>
</testsuite>
