<?xml version="1.0" encoding="UTF-8"?>
<testsuite name="roguelike.controller.menu.PauseMenuControllerTest" tests="1" skipped="0" failures="0" errors="0" timestamp="2021-05-25T09:40:58" hostname="ubuntu-notebook" time="0.269">
  <properties/>
  <testcase name="step()" classname="roguelike.controller.menu.PauseMenuControllerTest" time="0.269"/>
  <system-out><![CDATA[Testing Down
Testing UP
Testing UP
Testing UP
Testing Select
]]></system-out>
  <system-err><![CDATA[]]></system-err>
</testsuite>
