<?xml version="1.0" encoding="UTF-8"?>
<testsuite name="roguelike.model.game.structures.PathTest" tests="3" skipped="0" failures="0" errors="0" timestamp="2021-05-27T21:35:38" hostname="LAPTOP-CG165B38" time="0.044">
  <properties/>
  <testcase name="getFirstChunkTest()" classname="roguelike.model.game.structures.PathTest" time="0.038"/>
  <testcase name="updateVisibilityTest()" classname="roguelike.model.game.structures.PathTest" time="0.003"/>
  <testcase name="getLastChunkTest()" classname="roguelike.model.game.structures.PathTest" time="0.001"/>
  <system-out><![CDATA[]]></system-out>
  <system-err><![CDATA[]]></system-err>
</testsuite>
