<?xml version="1.0" encoding="UTF-8"?>
<testsuite name="roguelike.controller.game.HeroControllerTest" tests="7" skipped="0" failures="0" errors="0" timestamp="2021-05-30T17:09:31" hostname="ubuntu-notebook" time="0.01">
  <properties/>
  <testcase name="retrieveStrengthPotionTest()" classname="roguelike.controller.game.HeroControllerTest" time="0.002"/>
  <testcase name="moveUpTest()" classname="roguelike.controller.game.HeroControllerTest" time="0.001"/>
  <testcase name="moveRightTest()" classname="roguelike.controller.game.HeroControllerTest" time="0.001"/>
  <testcase name="moveDownTest()" classname="roguelike.controller.game.HeroControllerTest" time="0.001"/>
  <testcase name="retrieveCoinTest()" classname="roguelike.controller.game.HeroControllerTest" time="0.002"/>
  <testcase name="moveLeftTest()" classname="roguelike.controller.game.HeroControllerTest" time="0.001"/>
  <testcase name="runIntoAMonsterTest()" classname="roguelike.controller.game.HeroControllerTest" time="0.002"/>
  <system-out><![CDATA[]]></system-out>
  <system-err><![CDATA[]]></system-err>
</testsuite>
